<?xml version="1.0" encoding="UTF-8" ?>
<testsuite tests="9" failures="0" name="com.tsg.menlopark.dao.CmsDaoTest" time="2.714" errors="0" skipped="0">
  <properties>
    <property name="java.runtime.name" value="Java(TM) SE Runtime Environment"/>
    <property name="sun.boot.library.path" value="X:\dev\jdk1.8.0_74\jre\bin"/>
    <property name="java.vm.version" value="25.74-b02"/>
    <property name="java.vm.vendor" value="Oracle Corporation"/>
    <property name="maven.multiModuleProjectDirectory" value="C:\dev\_repos\menlo-park\MenloPark"/>
    <property name="java.vendor.url" value="http://java.oracle.com/"/>
    <property name="path.separator" value=";"/>
    <property name="guice.disable.misplaced.annotation.check" value="true"/>
    <property name="java.vm.name" value="Java HotSpot(TM) 64-Bit Server VM"/>
    <property name="file.encoding.pkg" value="sun.io"/>
    <property name="user.script" value=""/>
    <property name="user.country" value="US"/>
    <property name="sun.java.launcher" value="SUN_STANDARD"/>
    <property name="sun.os.patch.level" value=""/>
    <property name="java.vm.specification.name" value="Java Virtual Machine Specification"/>
    <property name="user.dir" value="C:\dev\_repos\menlo-park\MenloPark"/>
    <property name="java.runtime.version" value="1.8.0_74-b02"/>
    <property name="java.awt.graphicsenv" value="sun.awt.Win32GraphicsEnvironment"/>
    <property name="java.endorsed.dirs" value="X:\dev\jdk1.8.0_74\jre\lib\endorsed"/>
    <property name="os.arch" value="amd64"/>
    <property name="java.io.tmpdir" value="C:\Users\gandalf\AppData\Local\Temp\"/>
    <property name="line.separator" value="
"/>
    <property name="java.vm.specification.vendor" value="Oracle Corporation"/>
    <property name="user.variant" value=""/>
    <property name="os.name" value="Windows 10"/>
    <property name="maven.ext.class.path" value="X:\dev\NetBeans 8.1\java\maven-nblib\netbeans-eventspy.jar"/>
    <property name="classworlds.conf" value="X:\dev\apache-maven-3.3.9\bin\m2.conf"/>
    <property name="sun.jnu.encoding" value="Cp1252"/>
    <property name="java.library.path" value="X:\dev\jdk1.8.0_74\bin;C:\WINDOWS\Sun\Java\bin;C:\WINDOWS\system32;C:\WINDOWS;C:\ProgramData\Oracle\Java\javapath;C:\Program Files\Common Files\Microsoft Shared\Windows Live;C:\Program Files (x86)\Common Files\Microsoft Shared\Windows Live;C:\Windows\system32;C:\Windows;C:\Windows\System32\Wbem;C:\Windows\System32\WindowsPowerShell\v1.0\;C:\Program Files (x86)\Windows Live\Shared;C:\Program Files (x86)\NVIDIA Corporation\PhysX\Common;C:\WINDOWS\system32;C:\WINDOWS;C:\WINDOWS\System32\Wbem;C:\WINDOWS\System32\WindowsPowerShell\v1.0\;C:\Program Files (x86)\Skype\Phone\;C:\Program Files (x86)\Brackets\command;X:\dev\jdk1.80_74\bin;X:\dev\apache-maven-3.3.9\bin;X:\dev\nodejs\;C:\Program Files (x86)\MySQL\MySQL Fabric 1.5 &amp; MySQL Utilities 1.5\;C:\Program Files (x86)\MySQL\MySQL Fabric 1.5 &amp; MySQL Utilities 1.5\Doctrine extensions for PHP\;X:\dev\Ruby193\bin;X:\dev\Ruby22\bin;C:\Users\gandalf\AppData\Roaming\npm;."/>
    <property name="java.specification.name" value="Java Platform API Specification"/>
    <property name="java.class.version" value="52.0"/>
    <property name="sun.management.compiler" value="HotSpot 64-Bit Tiered Compilers"/>
    <property name="os.version" value="10.0"/>
    <property name="user.home" value="C:\Users\gandalf"/>
    <property name="user.timezone" value="America/New_York"/>
    <property name="java.awt.printerjob" value="sun.awt.windows.WPrinterJob"/>
    <property name="java.specification.version" value="1.8"/>
    <property name="file.encoding" value="Cp1252"/>
    <property name="user.name" value="gandalf"/>
    <property name="java.class.path" value="X:\dev\apache-maven-3.3.9\boot\plexus-classworlds-2.5.2.jar"/>
    <property name="java.vm.specification.version" value="1.8"/>
    <property name="sun.arch.data.model" value="64"/>
    <property name="java.home" value="X:\dev\jdk1.8.0_74\jre"/>
    <property name="sun.java.command" value="org.codehaus.plexus.classworlds.launcher.Launcher -Dmaven.ext.class.path=X:\dev\NetBeans 8.1\java\maven-nblib\netbeans-eventspy.jar clean install"/>
    <property name="java.specification.vendor" value="Oracle Corporation"/>
    <property name="user.language" value="en"/>
    <property name="awt.toolkit" value="sun.awt.windows.WToolkit"/>
    <property name="java.vm.info" value="mixed mode"/>
    <property name="java.version" value="1.8.0_74"/>
    <property name="java.ext.dirs" value="X:\dev\jdk1.8.0_74\jre\lib\ext;C:\WINDOWS\Sun\Java\lib\ext"/>
    <property name="sun.boot.class.path" value="X:\dev\jdk1.8.0_74\jre\lib\resources.jar;X:\dev\jdk1.8.0_74\jre\lib\rt.jar;X:\dev\jdk1.8.0_74\jre\lib\sunrsasign.jar;X:\dev\jdk1.8.0_74\jre\lib\jsse.jar;X:\dev\jdk1.8.0_74\jre\lib\jce.jar;X:\dev\jdk1.8.0_74\jre\lib\charsets.jar;X:\dev\jdk1.8.0_74\jre\lib\jfr.jar;X:\dev\jdk1.8.0_74\jre\classes"/>
    <property name="java.vendor" value="Oracle Corporation"/>
    <property name="maven.home" value="X:\dev\apache-maven-3.3.9"/>
    <property name="file.separator" value="\"/>
    <property name="java.vendor.url.bug" value="http://bugreport.sun.com/bugreport/"/>
    <property name="sun.cpu.endian" value="little"/>
    <property name="sun.io.unicode.encoding" value="UnicodeLittle"/>
    <property name="sun.desktop" value="windows"/>
    <property name="sun.cpu.isalist" value="amd64"/>
  </properties>
  <testcase classname="com.tsg.menlopark.dao.CmsDaoTest" name="listsOfPosts" time="1.579"/>
  <testcase classname="com.tsg.menlopark.dao.CmsDaoTest" name="addPostTags" time="0.148"/>
  <testcase classname="com.tsg.menlopark.dao.CmsDaoTest" name="addGetUpdateDeleteTag" time="0.129"/>
  <testcase classname="com.tsg.menlopark.dao.CmsDaoTest" name="addGetDeletePagesTest" time="0.108"/>
  <testcase classname="com.tsg.menlopark.dao.CmsDaoTest" name="addGetUpdateDeleteCategory" time="0.138"/>
  <testcase classname="com.tsg.menlopark.dao.CmsDaoTest" name="updatePageTest" time="0.163"/>
  <testcase classname="com.tsg.menlopark.dao.CmsDaoTest" name="addGetUpdateDeletePost" time="0.151"/>
  <testcase classname="com.tsg.menlopark.dao.CmsDaoTest" name="addPostCategories" time="0.134"/>
  <testcase classname="com.tsg.menlopark.dao.CmsDaoTest" name="TEST_getAllPosts" time="0.164"/>
</testsuite>